Сборка начата 15.03.2023 16:30:37.
Уровень детализации журнала: Normal.     1>Проект "C:\Users\User\Desktop\МП\MP_Lab3\MP_Lab3\MP_Lab3.vcxproj" в узле 2 (целевые объекты Build).
     1>InitializeBuildStatus:
         Создание "Debug\MP_Lab3.tlog\unsuccessfulbuild", так как было задано "AlwaysCreate".
       ClCompile:
         C:\Program Files\Microsoft Visual Studio\2022\Community\VC\Tools\MSVC\14.30.30705\bin\HostX86\x86\CL.exe /c /ZI /JMC /nologo /W3 /WX- /diagnostics:column /sdl /Od /Oy- /D WIN32 /D _DEBUG /D _CONSOLE /D _UNICODE /D UNICODE /Gm- /EHsc /RTC1 /MDd /GS /fp:precise /Zc:wchar_t /Zc:forScope /Zc:inline /permissive- /Fo"Debug\\" /Fd"Debug\vc143.pdb" /external:W3 /Gd /TP /analyze- /FC /errorReport:prompt MP_Lab3.cpp
         MP_Lab3.cpp
       Link:
         C:\Program Files\Microsoft Visual Studio\2022\Community\VC\Tools\MSVC\14.30.30705\bin\HostX86\x86\link.exe /ERRORREPORT:PROMPT /OUT:"C:\Users\User\Desktop\МП\MP_Lab3\Debug\MP_Lab3.exe" /INCREMENTAL /ILK:"Debug\MP_Lab3.ilk" /NOLOGO kernel32.lib user32.lib gdi32.lib winspool.lib comdlg32.lib advapi32.lib shell32.lib ole32.lib oleaut32.lib uuid.lib odbc32.lib odbccp32.lib /MANIFEST /MANIFESTUAC:"level='asInvoker' uiAccess='false'" /manifest:embed /DEBUG /PDB:"C:\Users\User\Desktop\МП\MP_Lab3\Debug\MP_Lab3.pdb" /SUBSYSTEM:CONSOLE /TLBID:1 /DYNAMICBASE /NXCOMPAT /IMPLIB:"C:\Users\User\Desktop\МП\MP_Lab3\Debug\MP_Lab3.lib" /MACHINE:X86 Debug\Combi.obj
         Debug\MP_Lab3.obj
         Debug\Salesman.obj
         MP_Lab3.vcxproj -> C:\Users\User\Desktop\МП\MP_Lab3\Debug\MP_Lab3.exe
       FinalizeBuildStatus:
         Файл "Debug\MP_Lab3.tlog\unsuccessfulbuild" удаляется.
         Обращение к "Debug\MP_Lab3.tlog\MP_Lab3.lastbuildstate".
     1>Сборка проекта "C:\Users\User\Desktop\МП\MP_Lab3\MP_Lab3\MP_Lab3.vcxproj" завершена (целевые объекты Build).

Сборка успешно завершена.
    Предупреждений: 0
    Ошибок: 0

Прошло времени 00:00:01.36
