Сборка начата 21.02.2023 14:40:56.
Уровень детализации журнала: Normal.     1>Проект "C:\Users\User\Desktop\МП\laba2\laba2\laba2.vcxproj" в узле 2 (целевые объекты Build).
     1>InitializeBuildStatus:
         Создание "Debug\laba2.tlog\unsuccessfulbuild", так как было задано "AlwaysCreate".
       ClCompile:
         C:\Program Files\Microsoft Visual Studio\2022\Community\VC\Tools\MSVC\14.30.30705\bin\HostX86\x86\CL.exe /c /ZI /JMC /nologo /W3 /WX- /diagnostics:column /sdl /Od /Oy- /D WIN32 /D _DEBUG /D _CONSOLE /D _UNICODE /D UNICODE /Gm- /EHsc /RTC1 /MDd /GS /fp:precise /Zc:wchar_t /Zc:forScope /Zc:inline /permissive- /Fo"Debug\\" /Fd"Debug\vc143.pdb" /external:W3 /Gd /TP /analyze- /FC /errorReport:prompt Main.cpp
         Main.cpp
       Link:
         C:\Program Files\Microsoft Visual Studio\2022\Community\VC\Tools\MSVC\14.30.30705\bin\HostX86\x86\link.exe /ERRORREPORT:PROMPT /OUT:"C:\Users\User\Desktop\МП\laba2\Debug\laba2.exe" /INCREMENTAL /ILK:"Debug\laba2.ilk" /NOLOGO kernel32.lib user32.lib gdi32.lib winspool.lib comdlg32.lib advapi32.lib shell32.lib ole32.lib oleaut32.lib uuid.lib odbc32.lib odbccp32.lib /MANIFEST /MANIFESTUAC:"level='asInvoker' uiAccess='false'" /manifest:embed /DEBUG /PDB:"C:\Users\User\Desktop\МП\laba2\Debug\laba2.pdb" /SUBSYSTEM:CONSOLE /TLBID:1 /DYNAMICBASE /NXCOMPAT /IMPLIB:"C:\Users\User\Desktop\МП\laba2\Debug\laba2.lib" /MACHINE:X86 Debug\Auxil.obj
         Debug\Boat.obj
         Debug\Combi.obj
         Debug\Main.obj
         laba2.vcxproj -> C:\Users\User\Desktop\МП\laba2\Debug\laba2.exe
       FinalizeBuildStatus:
         Файл "Debug\laba2.tlog\unsuccessfulbuild" удаляется.
         Обращение к "Debug\laba2.tlog\laba2.lastbuildstate".
     1>Сборка проекта "C:\Users\User\Desktop\МП\laba2\laba2\laba2.vcxproj" завершена (целевые объекты Build).

Сборка успешно завершена.
    Предупреждений: 0
    Ошибок: 0

Прошло времени 00:00:00.76
